Determining if the pthread_create exist failed with the following output:
Change Dir: /home/ada/Documentos/3ro/B/IS2/Test/CMakeFiles/CMakeTmp

Run Build Command:"/usr/bin/make" "cmTC_400ae/fast"
/usr/bin/make -f CMakeFiles/cmTC_400ae.dir/build.make CMakeFiles/cmTC_400ae.dir/build
make[1]: se entra en el directorio '/home/ada/Documentos/3ro/B/IS2/Test/CMakeFiles/CMakeTmp'
Building C object CMakeFiles/cmTC_400ae.dir/CheckSymbolExists.c.o
/usr/bin/cc    -o CMakeFiles/cmTC_400ae.dir/CheckSymbolExists.c.o   -c /home/ada/Documentos/3ro/B/IS2/Test/CMakeFiles/CMakeTmp/CheckSymbolExists.c
Linking C executable cmTC_400ae
/usr/bin/cmake -E cmake_link_script CMakeFiles/cmTC_400ae.dir/link.txt --verbose=1
/usr/bin/cc      -rdynamic CMakeFiles/cmTC_400ae.dir/CheckSymbolExists.c.o  -o cmTC_400ae 
CMakeFiles/cmTC_400ae.dir/CheckSymbolExists.c.o: En la función `main':
CheckSymbolExists.c:(.text+0x1b): referencia a `pthread_create' sin definir
collect2: error: ld returned 1 exit status
CMakeFiles/cmTC_400ae.dir/build.make:97: fallo en las instrucciones para el objetivo 'cmTC_400ae'
make[1]: *** [cmTC_400ae] Error 1
make[1]: se sale del directorio '/home/ada/Documentos/3ro/B/IS2/Test/CMakeFiles/CMakeTmp'
Makefile:126: fallo en las instrucciones para el objetivo 'cmTC_400ae/fast'
make: *** [cmTC_400ae/fast] Error 2

File /home/ada/Documentos/3ro/B/IS2/Test/CMakeFiles/CMakeTmp/CheckSymbolExists.c:
/* */
#include <pthread.h>

int main(int argc, char** argv)
{
  (void)argv;
#ifndef pthread_create
  return ((int*)(&pthread_create))[argc];
#else
  (void)argc;
  return 0;
#endif
}

Determining if the function pthread_create exists in the pthreads failed with the following output:
Change Dir: /home/ada/Documentos/3ro/B/IS2/Test/CMakeFiles/CMakeTmp

Run Build Command:"/usr/bin/make" "cmTC_77133/fast"
/usr/bin/make -f CMakeFiles/cmTC_77133.dir/build.make CMakeFiles/cmTC_77133.dir/build
make[1]: se entra en el directorio '/home/ada/Documentos/3ro/B/IS2/Test/CMakeFiles/CMakeTmp'
Building C object CMakeFiles/cmTC_77133.dir/CheckFunctionExists.c.o
/usr/bin/cc   -DCHECK_FUNCTION_EXISTS=pthread_create   -o CMakeFiles/cmTC_77133.dir/CheckFunctionExists.c.o   -c /usr/share/cmake-3.10/Modules/CheckFunctionExists.c
Linking C executable cmTC_77133
/usr/bin/cmake -E cmake_link_script CMakeFiles/cmTC_77133.dir/link.txt --verbose=1
/usr/bin/cc  -DCHECK_FUNCTION_EXISTS=pthread_create    -rdynamic CMakeFiles/cmTC_77133.dir/CheckFunctionExists.c.o  -o cmTC_77133 -lpthreads 
/usr/bin/ld: no se puede encontrar -lpthreads
collect2: error: ld returned 1 exit status
CMakeFiles/cmTC_77133.dir/build.make:97: fallo en las instrucciones para el objetivo 'cmTC_77133'
make[1]: *** [cmTC_77133] Error 1
make[1]: se sale del directorio '/home/ada/Documentos/3ro/B/IS2/Test/CMakeFiles/CMakeTmp'
Makefile:126: fallo en las instrucciones para el objetivo 'cmTC_77133/fast'
make: *** [cmTC_77133/fast] Error 2


